[0124/115459:ERROR:crash_report_database_win.cc(562)] CreateDirectory C:\Program Files (x86)\Ballfire\Reports\Dump: The system cannot find the path specified. (0x3)
[0124/115459:ERROR:registration_protocol_win.cc(82)] TransactNamedPipe: The pipe has been ended. (0x6D)
[0124/115459:ERROR:crash_report_database_win.cc(562)] CreateDirectory C:\Program Files (x86)\Ballfire\Reports\Dump: The system cannot find the path specified. (0x3)
[0207/094303:ERROR:crash_report_database_win.cc(562)] CreateDirectory C:\Program Files (x86)\Ballfire\Reports\Dump: The system cannot find the path specified. (0x3)
[0207/094303:ERROR:registration_protocol_win.cc(82)] TransactNamedPipe: The pipe has been ended. (0x6D)
[0207/094303:ERROR:crash_report_database_win.cc(562)] CreateDirectory C:\Program Files (x86)\Ballfire\Reports\Dump: The system cannot find the path specified. (0x3)
[0217/145952:ERROR:crash_report_database_win.cc(562)] CreateDirectory C:\Program Files (x86)\Ballfire\Reports\Dump: The system cannot find the path specified. (0x3)
[0217/145952:ERROR:registration_protocol_win.cc(82)] TransactNamedPipe: The pipe has been ended. (0x6D)
[0217/145952:ERROR:crash_report_database_win.cc(562)] CreateDirectory C:\Program Files (x86)\Ballfire\Reports\Dump: The system cannot find the path specified. (0x3)
[0220/100612:ERROR:crash_report_database_win.cc(562)] CreateDirectory C:\Program Files (x86)\Ballfire\Reports\Dump: The system cannot find the path specified. (0x3)
[0220/100612:ERROR:registration_protocol_win.cc(82)] TransactNamedPipe: The pipe has been ended. (0x6D)
[0220/100612:ERROR:crash_report_database_win.cc(562)] CreateDirectory C:\Program Files (x86)\Ballfire\Reports\Dump: The system cannot find the path specified. (0x3)
[0222/164808:ERROR:crash_report_database_win.cc(562)] CreateDirectory C:\Program Files (x86)\Ballfire\Reports\Dump: The system cannot find the path specified. (0x3)
[0222/164808:ERROR:registration_protocol_win.cc(82)] TransactNamedPipe: The pipe has been ended. (0x6D)
[0222/164808:ERROR:crash_report_database_win.cc(562)] CreateDirectory C:\Program Files (x86)\Ballfire\Reports\Dump: The system cannot find the path specified. (0x3)
[0222/164819:ERROR:crash_report_database_win.cc(562)] CreateDirectory C:\Program Files (x86)\Ballfire\Reports\Dump: The system cannot find the path specified. (0x3)
[0222/164819:ERROR:registration_protocol_win.cc(82)] TransactNamedPipe: The pipe has been ended. (0x6D)
[0222/164819:ERROR:crash_report_database_win.cc(562)] CreateDirectory C:\Program Files (x86)\Ballfire\Reports\Dump: The system cannot find the path specified. (0x3)
[0222/164826:ERROR:crash_report_database_win.cc(562)] CreateDirectory C:\Program Files (x86)\Ballfire\Reports\Dump: The system cannot find the path specified. (0x3)
[0222/164826:ERROR:registration_protocol_win.cc(82)] TransactNamedPipe: The pipe has been ended. (0x6D)
[0222/164826:ERROR:crash_report_database_win.cc(562)] CreateDirectory C:\Program Files (x86)\Ballfire\Reports\Dump: The system cannot find the path specified. (0x3)
[0223/092952:ERROR:crash_report_database_win.cc(562)] CreateDirectory C:\Program Files (x86)\Ballfire\Reports\Dump: The system cannot find the path specified. (0x3)
[0223/092952:ERROR:registration_protocol_win.cc(82)] TransactNamedPipe: The pipe has been ended. (0x6D)
[0223/092952:ERROR:crash_report_database_win.cc(562)] CreateDirectory C:\Program Files (x86)\Ballfire\Reports\Dump: The system cannot find the path specified. (0x3)
[0302/114006.830:ERROR:crash_report_database_win.cc(563)] CreateDirectory C:\Program Files (x86)\reports: Access is denied. (0x5)
[0302/114006.845:ERROR:registration_protocol_win.cc(84)] TransactNamedPipe: The pipe has been ended. (0x6D)
[0302/114006.845:ERROR:crash_report_database_win.cc(563)] CreateDirectory C:\Program Files (x86)\reports: Access is denied. (0x5)
[0302/114007.245:ERROR:crashpad_client_win.cc(660)] crash server failed to launch, no dump captured
[0307/152922.263:ERROR:file_io_win.cc(163)] CreateFile C:\Program Files (x86)\settings.dat: Access is denied. (0x5)
[0307/152922.279:ERROR:registration_protocol_win.cc(84)] TransactNamedPipe: The pipe has been ended. (0x6D)
[0307/152922.296:ERROR:file_io_win.cc(163)] CreateFile C:\Program Files (x86)\settings.dat: Access is denied. (0x5)
[0307/152922.726:ERROR:crashpad_client_win.cc(660)] crash server failed to launch, no dump captured
[0307/171409.852:ERROR:file_io_win.cc(163)] CreateFile C:\Program Files (x86)\settings.dat: Access is denied. (0x5)
[0307/171409.867:ERROR:registration_protocol_win.cc(84)] TransactNamedPipe: The pipe has been ended. (0x6D)
[0307/171409.868:ERROR:file_io_win.cc(163)] CreateFile C:\Program Files (x86)\settings.dat: Access is denied. (0x5)
[0307/171409.899:ERROR:crashpad_client_win.cc(660)] crash server failed to launch, no dump captured
[0308/095858.960:ERROR:file_io_win.cc(163)] CreateFile C:\Program Files (x86)\settings.dat: Access is denied. (0x5)
[0308/095858.962:ERROR:registration_protocol_win.cc(84)] TransactNamedPipe: The pipe has been ended. (0x6D)
[0308/095858.963:ERROR:file_io_win.cc(163)] CreateFile C:\Program Files (x86)\settings.dat: Access is denied. (0x5)
[0308/095858.998:ERROR:crashpad_client_win.cc(660)] crash server failed to launch, no dump captured
[0308/160029.217:ERROR:file_io_win.cc(163)] CreateFile C:\Program Files (x86)\settings.dat: Access is denied. (0x5)
[0308/160029.217:ERROR:registration_protocol_win.cc(84)] TransactNamedPipe: The pipe has been ended. (0x6D)
[0308/160029.217:ERROR:file_io_win.cc(163)] CreateFile C:\Program Files (x86)\settings.dat: Access is denied. (0x5)
[0308/160029.252:ERROR:crashpad_client_win.cc(660)] crash server failed to launch, no dump captured
[0315/103748.889:ERROR:file_io_win.cc(163)] CreateFile C:\Program Files (x86)\settings.dat: Access is denied. (0x5)
[0315/103748.935:ERROR:registration_protocol_win.cc(84)] TransactNamedPipe: The pipe has been ended. (0x6D)
[0315/103748.937:ERROR:file_io_win.cc(163)] CreateFile C:\Program Files (x86)\settings.dat: Access is denied. (0x5)
[0315/103748.965:ERROR:crashpad_client_win.cc(660)] crash server failed to launch, no dump captured
[0315/145416.437:ERROR:file_io_win.cc(163)] CreateFile C:\Program Files (x86)\settings.dat: Access is denied. (0x5)
[0315/145416.437:ERROR:registration_protocol_win.cc(84)] TransactNamedPipe: The pipe has been ended. (0x6D)
[0315/145416.448:ERROR:file_io_win.cc(163)] CreateFile C:\Program Files (x86)\settings.dat: Access is denied. (0x5)
[0315/145416.476:ERROR:crashpad_client_win.cc(660)] crash server failed to launch, no dump captured
[0315/145441.620:ERROR:file_io_win.cc(163)] CreateFile C:\Program Files (x86)\settings.dat: Access is denied. (0x5)
[0315/145441.622:ERROR:registration_protocol_win.cc(84)] TransactNamedPipe: The pipe has been ended. (0x6D)
[0315/145441.623:ERROR:file_io_win.cc(163)] CreateFile C:\Program Files (x86)\settings.dat: Access is denied. (0x5)
[0315/145441.653:ERROR:crashpad_client_win.cc(660)] crash server failed to launch, no dump captured
[0316/103023.138:ERROR:file_io_win.cc(163)] CreateFile C:\Program Files (x86)\settings.dat: Access is denied. (0x5)
[0316/103023.156:ERROR:registration_protocol_win.cc(84)] TransactNamedPipe: The pipe has been ended. (0x6D)
[0316/103023.157:ERROR:file_io_win.cc(163)] CreateFile C:\Program Files (x86)\settings.dat: Access is denied. (0x5)
[0316/103023.185:ERROR:crashpad_client_win.cc(660)] crash server failed to launch, no dump captured
[0316/134942.858:ERROR:file_io_win.cc(163)] CreateFile C:\Program Files (x86)\settings.dat: Access is denied. (0x5)
[0316/134942.860:ERROR:registration_protocol_win.cc(84)] TransactNamedPipe: The pipe has been ended. (0x6D)
[0316/134942.862:ERROR:file_io_win.cc(163)] CreateFile C:\Program Files (x86)\settings.dat: Access is denied. (0x5)
[0316/134942.891:ERROR:crashpad_client_win.cc(660)] crash server failed to launch, no dump captured
[0317/105414.272:ERROR:file_io_win.cc(163)] CreateFile C:\Program Files (x86)\settings.dat: Access is denied. (0x5)
[0317/105414.294:ERROR:registration_protocol_win.cc(84)] TransactNamedPipe: The pipe has been ended. (0x6D)
[0317/105414.296:ERROR:file_io_win.cc(163)] CreateFile C:\Program Files (x86)\settings.dat: Access is denied. (0x5)
[0317/105414.324:ERROR:crashpad_client_win.cc(660)] crash server failed to launch, no dump captured
[0330/102821.069:ERROR:file_io_win.cc(163)] CreateFile C:\Program Files (x86)\settings.dat: Access is denied. (0x5)
[0330/102821.086:ERROR:registration_protocol_win.cc(84)] TransactNamedPipe: The pipe has been ended. (0x6D)
[0330/102821.087:ERROR:file_io_win.cc(163)] CreateFile C:\Program Files (x86)\settings.dat: Access is denied. (0x5)
[0330/102821.120:ERROR:crashpad_client_win.cc(660)] crash server failed to launch, no dump captured
[0330/134033.143:ERROR:file_io_win.cc(163)] CreateFile C:\Program Files (x86)\settings.dat: Access is denied. (0x5)
[0330/134033.145:ERROR:registration_protocol_win.cc(84)] TransactNamedPipe: The pipe has been ended. (0x6D)
[0330/134033.146:ERROR:file_io_win.cc(163)] CreateFile C:\Program Files (x86)\settings.dat: Access is denied. (0x5)
[0330/134033.547:ERROR:crashpad_client_win.cc(660)] crash server failed to launch, no dump captured
